<?xml version="1.0" encoding="UTF-8"?>
<!-- Generated by org.testng.reporters.JUnitReportReporter -->
<testsuite skipped="0" hostname="administrators-MacBook-Pro-74.local" name="bookings.AddBill" tests="1" failures="0" timestamp="07 Jan 2019 05:07:59 GMT" time="29.255" errors="0">
  <testcase name="b" time="29.255" classname="bookings.AddBill"/>
</testsuite> <!-- bookings.AddBill -->
