<?xml version="1.0" encoding="UTF-8"?>
<!-- Generated by org.testng.reporters.JUnitReportReporter -->
<testsuite skipped="0" hostname="adminisorsMBP74-6e72" name="signin.ForgotPassword" tests="1" failures="0" timestamp="25 Dec 2018 15:40:58 GMT" time="54.310" errors="0">
  <testcase name="f" time="54.310" classname="signin.ForgotPassword"/>
</testsuite> <!-- signin.ForgotPassword -->
