<?xml version="1.0" encoding="UTF-8"?>
<!-- Generated by org.testng.reporters.JUnitReportReporter -->
<testsuite skipped="0" hostname="administrators-MacBook-Pro-74.local" name="MRC.Add_Bill" tests="1" failures="0" timestamp="19 Dec 2018 11:29:39 GMT" time="36.419" errors="0">
  <testcase name="b" time="36.419" classname="MRC.Add_Bill"/>
</testsuite> <!-- MRC.Add_Bill -->
