<?xml version="1.0" encoding="UTF-8"?>
<!-- Generated by org.testng.reporters.JUnitReportReporter -->
<testsuite skipped="0" hostname="adminisorsMBP74-6e72" name="SignIn.MRC" tests="1" failures="0" timestamp="16 Dec 2018 17:31:17 GMT" time="14.486" errors="0">
  <testcase name="b" time="14.486" classname="SignIn.MRC"/>
</testsuite> <!-- SignIn.MRC -->
