<?xml version="1.0" encoding="UTF-8"?>
<!-- Generated by org.testng.reporters.JUnitReportReporter -->
<testsuite skipped="0" hostname="administrators-MacBook-Pro-74.local" name="SignIn.Login" tests="1" failures="0" timestamp="12 Dec 2018 11:39:28 GMT" time="23.908" errors="0">
  <testcase name="f" time="23.908" classname="SignIn.Login"/>
</testsuite> <!-- SignIn.Login -->
