<?xml version="1.0" encoding="UTF-8"?>
<!-- Generated by org.testng.reporters.JUnitReportReporter -->
<testsuite skipped="0" hostname="administrators-MacBook-Pro-74.local" name="SignIn.Add_Bill" tests="1" failures="0" timestamp="19 Dec 2018 07:52:30 GMT" time="30.735" errors="0">
  <testcase name="b" time="30.735" classname="SignIn.Add_Bill"/>
</testsuite> <!-- SignIn.Add_Bill -->
