<?xml version="1.0" encoding="UTF-8"?>
<!-- Generated by org.testng.reporters.JUnitReportReporter -->
<testsuite skipped="0" hostname="administrators-MacBook-Pro-74.local" name="signin.AddBill" tests="1" failures="0" timestamp="20 Dec 2018 10:11:59 GMT" time="26.492" errors="0">
  <testcase name="b" time="26.492" classname="signin.AddBill"/>
</testsuite> <!-- signin.AddBill -->
