<?xml version="1.0" encoding="UTF-8"?>
<!-- Generated by org.testng.reporters.JUnitReportReporter -->
<testsuite skipped="0" hostname="administrators-MacBook-Pro-74.local" name="MRC.MRC_Checkin" tests="1" failures="0" timestamp="19 Dec 2018 05:30:17 GMT" time="49.222" errors="0">
  <testcase name="b" time="49.222" classname="MRC.MRC_Checkin"/>
</testsuite> <!-- MRC.MRC_Checkin -->
